<?xml version="1.0" encoding="UTF-8" standalone="no"?><testsuite errors="0" failures="0" name="Admin area - create resources" skipped="1" tests="6" time="275.5" timestamp="2025-11-26 06:42:52"><testcase name="Create a new user from admin UI"/><testcase name="Create a new service from admin UI"/><testcase name="Create a service and change its status to en_proceso"/><testcase name="Create a service and change its status to &quot;completado&quot;"/><testcase name="Create a service and change its status to &quot;cancelado&quot;"><skipped/></testcase><testcase name="Create a service and change its status to &quot;pendiente&quot;"/></testsuite>