<?xml version="1.0" encoding="UTF-8" standalone="no"?><testsuite errors="0" failures="1" name="Admin area - create resources" skipped="0" tests="2" time="52.84" timestamp="2025-11-19 07:56:15"><testcase name="Create a new user from admin UI"><failure message="Could not verify created user in users list: Expected condition failed: waiting for presence of element located by: By.xpath: //table//tbody//tr[.//td[contains(., 'autouser1763600189071@test.local') or contains(., 'autouser1763600189071')]] (tried for 12 second(s) with 500 milliseconds interval)" type="java.lang.AssertionError">Could not verify created user in users list: Expected condition failed: waiting for presence of element located by: By.xpath: //table//tbody//tr[.//td[contains(., 'autouser1763600189071@test.local') or contains(., 'autouser1763600189071')]] (tried for 12 second(s) with 500 milliseconds interval)</failure><system-err>Could not verify created user in users list: Expected condition failed: waiting for presence of element located by: By.xpath: //table//tbody//tr[.//td[contains(., 'autouser1763600189071@test.local') or contains(., 'autouser1763600189071')]] (tried for 12 second(s) with 500 milliseconds interval)&#13;
stepdefinitions.AdminStepDefinitions.theNewUserShouldAppearInTheUsersList(AdminStepDefinitions.java:460)&#13;
✽.the new user should appear in the users list(file:///C:/Users/Juanp/Desktop/Nueva%20carpeta/project/AutomatizacionWeb/src/test/resources/features/admin.feature:10)&#13;
</system-err></testcase><testcase name="Create a new service from admin UI"/></testsuite>